Looking for git in: git
Using git 2.17.1 from git
> git rev-parse --show-toplevel
> git config --get commit.template
Open repository: /var/www/html/julius
> git status -z -u
> git symbolic-ref --short HEAD
> git rev-parse JK-618
> git rev-parse --symbolic-full-name JK-618@{u}
fatal: no upstream configured for branch 'JK-618'
> git for-each-ref --format %(refname) %(objectname) --sort -committerdate
> git remote --verbose
> git check-ignore -z --stdin
> git check-ignore -z --stdin
> git check-ignore -z --stdin
> git check-ignore -z --stdin
> git check-ignore -z --stdin
> git check-ignore -z --stdin
> git check-ignore -z --stdin
> git check-ignore -z --stdin
> git show :app/design/frontend/Smartwave/porto/Smartwave_Porto/templates/html/footer.phtml
